<?xml version="1.0" encoding="UTF-8"?>
<!-- Generated by org.testng.reporters.JUnitReportReporter -->
<testsuite hostname="HDC2-L-PG01LBTJ" failures="0" tests="1" name="testCases.FirstTest" time="22.851" errors="0" timestamp="2024-07-05T12:40:23 IST" skipped="0">
  <testcase classname="testCases.FirstTest" name="testGoogle" time="22.851"/>
  <system-out/>
</testsuite> <!-- testCases.FirstTest -->
